--------- beginning of main
02-27 02:34:18.594  3012  3012 E Parcel  : Reading a NULL string not supported here.
02-27 02:34:18.598  3012  3012 W service : type=1400 audit(0.0:212): avc:  denied  { call } for  scontext=u:r:shell:s0 tcontext=u:r:hal_authsecret_default:s0 tclass=binder permissive=0
--------- beginning of kernel
02-27 02:34:18.689     0     0 W binder_debug: 58 callbacks suppressed
02-27 02:34:18.689     0     0 I binder  : 3012:3012 transaction credentials failed
02-27 02:34:18.690     0     0 I binder  : 3012:3012 transaction call to 356:0 failed 222720/29201/-1, size 0-0 line 3228
02-27 02:34:18.605  3012  3012 E IPCThreadState: Binder transaction failure: 222720/29201/-1
02-27 02:34:18.602  3012  3012 W service : type=1400 audit(0.0:213): avc:  denied  { call } for  scontext=u:r:shell:s0 tcontext=u:r:hal_face_default:s0 tclass=binder permissive=0
02-27 02:34:18.694     0     0 I binder  : 3012:3012 transaction credentials failed
02-27 02:34:18.695     0     0 I binder  : 3012:3012 transaction call to 380:0 failed 222724/29201/-1, size 0-0 line 3228
02-27 02:34:18.608  3012  3012 E IPCThreadState: Binder transaction failure: 222724/29201/-1
02-27 02:34:18.606  3012  3012 W service : type=1400 audit(0.0:214): avc:  denied  { call } for  scontext=u:r:shell:s0 tcontext=u:r:hal_fingerprint_default:s0 tclass=binder permissive=0
02-27 02:34:18.697     0     0 I binder  : 3012:3012 transaction credentials failed
02-27 02:34:18.698     0     0 I binder  : 3012:3012 transaction call to 1065:0 failed 222728/29201/-1, size 0-0 line 3228
02-27 02:34:18.612  3012  3012 E IPCThreadState: Binder transaction failure: 222728/29201/-1
02-27 02:34:18.610  3012  3012 W service : type=1400 audit(0.0:215): avc:  denied  { call } for  scontext=u:r:shell:s0 tcontext=u:r:hal_bluetooth_default:s0 tclass=binder permissive=0
02-27 02:34:18.701     0     0 I binder  : 3012:3012 transaction credentials failed
02-27 02:34:18.703     0     0 I binder  : 3012:3012 transaction call to 375:0 failed 222732/29201/-1, size 0-0 line 3228
02-27 02:34:18.619  3012  3012 E IPCThreadState: Binder transaction failure: 222732/29201/-1
02-27 02:34:18.618  3012  3012 W service : type=1400 audit(0.0:216): avc:  denied  { call } for  scontext=u:r:shell:s0 tcontext=u:r:hal_audio_default:s0 tclass=binder permissive=0
02-27 02:34:18.709     0     0 I binder  : 3012:3012 transaction credentials failed
02-27 02:34:18.709     0     0 I binder  : 3012:3012 transaction call to 355:0 failed 222736/29201/-1, size 0-0 line 3228
02-27 02:34:18.623  3012  3012 E IPCThreadState: Binder transaction failure: 222736/29201/-1
02-27 02:34:18.625  3012  3012 E IPCThreadState: Binder transaction failure: 222740/29201/-1
02-27 02:34:18.625  3012  3012 E IPCThreadState: Binder transaction failure: 222744/29201/-1
02-27 02:34:18.625  3012  3012 E IPCThreadState: Binder transaction failure: 222753/29201/-1
02-27 02:34:18.626  3012  3012 E IPCThreadState: Binder transaction failure: 222757/29201/-1
02-27 02:34:18.626  3012  3012 E IPCThreadState: Binder transaction failure: 222761/29201/-1
02-27 02:34:18.626  3012  3012 E IPCThreadState: Binder transaction failure: 222765/29201/-1
02-27 02:34:18.626  3012  3012 E IPCThreadState: Binder transaction failure: 222769/29201/-1
02-27 02:34:18.627  3012  3012 E IPCThreadState: Binder transaction failure: 222773/29201/-1
02-27 02:34:18.712     0     0 W audit   : audit_lost=171 audit_rate_limit=5 audit_backlog_limit=64
02-27 02:34:18.713     0     0 E audit   : rate limit exceeded
02-27 02:34:18.629  3012  3012 E IPCThreadState: Binder transaction failure: 222792/29201/-1
02-27 02:34:18.629  3012  3012 E IPCThreadState: Binder transaction failure: 222796/29201/-1
02-27 02:34:18.629  3012  3012 E IPCThreadState: Binder transaction failure: 222800/29201/-1
02-27 02:34:18.630  3012  3012 E IPCThreadState: Binder transaction failure: 222804/29201/-1
02-27 02:34:18.630  3012  3012 E IPCThreadState: Binder transaction failure: 222808/29201/-1
02-27 02:34:18.630  3012  3012 E IPCThreadState: Binder transaction failure: 222812/29201/-1
02-27 02:34:18.630  3012  3012 E IPCThreadState: Binder transaction failure: 222816/29201/-1
02-27 02:34:18.631  3012  3012 E IPCThreadState: Binder transaction failure: 222820/29201/-1
02-27 02:34:18.631  3012  3012 E IPCThreadState: Binder transaction failure: 222824/29201/-1
02-27 02:34:18.632  3012  3012 E IPCThreadState: Binder transaction failure: 222828/29201/-1
02-27 02:34:18.632  3012  3012 E IPCThreadState: Binder transaction failure: 222832/29201/-1
02-27 02:34:18.632  3012  3012 E IPCThreadState: Binder transaction failure: 222836/29201/-1
02-27 02:34:18.721     0     0 E SELinux : avc:  denied  { find } for pid=3012 uid=2000 name=android.hardware.security.keymint.IKeyMintDevice/default scontext=u:r:shell:s0 tcontext=u:object_r:hal_keymint_service:s0 tclass=service_manager permissive=0
02-27 02:34:18.723     0     0 E SELinux : avc:  denied  { find } for pid=3012 uid=2000 name=android.hardware.security.secureclock.ISecureClock/default scontext=u:r:shell:s0 tcontext=u:object_r:hal_secureclock_service:s0 tclass=service_manager permissive=0
02-27 02:34:18.725     0     0 E SELinux : avc:  denied  { find } for pid=3012 uid=2000 name=android.hardware.security.sharedsecret.ISharedSecret/default scontext=u:r:shell:s0 tcontext=u:object_r:hal_sharedsecret_service:s0 tclass=service_manager permissive=0
02-27 02:34:18.640  3012  3012 E IPCThreadState: Binder transaction failure: 222851/29201/-1
02-27 02:34:18.641  3012  3012 E IPCThreadState: Binder transaction failure: 222855/29201/-1
02-27 02:34:18.641  3012  3012 E IPCThreadState: Binder transaction failure: 222859/29201/-1
02-27 02:34:18.641  3012  3012 E IPCThreadState: Binder transaction failure: 222863/29201/-1
02-27 02:34:18.642  3012  3012 E IPCThreadState: Binder transaction failure: 222867/29201/-1
02-27 02:34:18.642  3012  3012 E IPCThreadState: Binder transaction failure: 222871/29201/-1
02-27 02:34:18.737     0     0 E SELinux : avc:  denied  { find } for pid=3012 uid=2000 name=android.service.gatekeeper.IGateKeeperService scontext=u:r:shell:s0 tcontext=u:object_r:gatekeeper_service:s0 tclass=service_manager permissive=0
02-27 02:34:18.661  3012  3012 E IPCThreadState: Binder transaction failure: 222917/29201/-1
02-27 02:34:18.661  3012  3012 E IPCThreadState: Binder transaction failure: 222921/29201/-1
02-27 02:34:18.662  3012  3012 E Parcel  : Reading a NULL string not supported here.
02-27 02:34:18.664  3012  3012 E Parcel  : Reading a NULL string not supported here.
02-27 02:34:18.664  3012  3012 E Parcel  : Reading a NULL string not supported here.
02-27 02:34:18.668  3012  3012 E Parcel  : Reading a NULL string not supported here.
02-27 02:34:18.680  3012  3012 E Parcel  : Reading a NULL string not supported here.
02-27 02:34:18.681  3012  3012 E Parcel  : Reading a NULL string not supported here.
02-27 02:34:18.684  3012  3012 E Parcel  : Reading a NULL string not supported here.
02-27 02:34:18.685  3012  3012 E Parcel  : Reading a NULL string not supported here.
02-27 02:34:18.689  3012  3012 E Parcel  : Reading a NULL string not supported here.
02-27 02:34:18.691  3012  3012 E Parcel  : Reading a NULL string not supported here.
02-27 02:34:18.781     0     0 E SELinux : avc:  denied  { find } for pid=3012 uid=2000 name=dnsresolver scontext=u:r:shell:s0 tcontext=u:object_r:dnsresolver_service:s0 tclass=service_manager permissive=0
02-27 02:34:18.698  3012  3012 E Parcel  : Reading a NULL string not supported here.
02-27 02:34:18.702  3012  3012 E Parcel  : Reading a NULL string not supported here.
02-27 02:34:18.794     0     0 E SELinux : avc:  denied  { find } for pid=3012 uid=2000 name=incident scontext=u:r:shell:s0 tcontext=u:object_r:incident_service:s0 tclass=service_manager permissive=0
02-27 02:34:18.797     0     0 E SELinux : avc:  denied  { find } for pid=3012 uid=2000 name=installd scontext=u:r:shell:s0 tcontext=u:object_r:installd_service:s0 tclass=service_manager permissive=0
02-27 02:34:18.715  3012  3012 E Parcel  : Reading a NULL string not supported here.
02-27 02:34:18.715  3012  3012 E Parcel  : Reading a NULL string not supported here.
02-27 02:34:18.804     0     0 E SELinux : avc:  denied  { find } for pid=3012 uid=2000 name=mdns scontext=u:r:shell:s0 tcontext=u:object_r:mdns_service:s0 tclass=service_manager permissive=0
02-27 02:34:18.727  3012  3012 E Parcel  : Reading a NULL string not supported here.
02-27 02:34:18.818     0     0 E SELinux : avc:  denied  { find } for pid=3012 uid=2000 name=netd scontext=u:r:shell:s0 tcontext=u:object_r:netd_service:s0 tclass=service_manager permissive=0
02-27 02:34:18.737  3012  3012 E Parcel  : Reading a NULL string not supported here.
02-27 02:34:18.743  3012  3012 E Parcel  : Reading a NULL string not supported here.
02-27 02:34:18.744  3012  3012 E Parcel  : Reading a NULL string not supported here.
02-27 02:34:18.746  3012  3012 E Parcel  : Reading a NULL string not supported here.
02-27 02:34:18.748  3012  3012 E Parcel  : Reading a NULL string not supported here.
02-27 02:34:18.841     0     0 E SELinux : avc:  denied  { find } for pid=3012 uid=2000 name=suspend_control scontext=u:r:shell:s0 tcontext=u:object_r:system_suspend_control_service:s0 tclass=service_manager permissive=0
02-27 02:34:18.845     0     0 E SELinux : avc:  denied  { find } for pid=3012 uid=2000 name=suspend_control_internal scontext=u:r:shell:s0 tcontext=u:object_r:system_suspend_control_internal_service:s0 tclass=service_manager permissive=0
02-27 02:34:18.759  3012  3012 E Parcel  : Reading a NULL string not supported here.
02-27 02:34:18.763  3012  3012 E Parcel  : Reading a NULL string not supported here.
02-27 02:34:18.770  3012  3012 E IPCThreadState: Binder transaction failure: 223957/29201/-1
02-27 02:34:18.856     0     0 E SELinux : avc:  denied  { find } for pid=3012 uid=2000 name=vold scontext=u:r:shell:s0 tcontext=u:object_r:vold_service:s0 tclass=service_manager permissive=0
02-27 02:34:19.046   807   807 I wpa_supplicant: wlan0: CTRL-EVENT-BEACON-LOSS 
--------- beginning of system
02-27 02:34:19.156   534   635 W RuleEvaluation: Integrity rule files are not available.
02-27 02:34:19.156   534   588 I PackageManager: Integrity check passed for file:///data/app/vmdl2082041384.tmp
02-27 02:34:19.160   534   565 I ActivityManager: Force stopping com.kotfind.android_course appid=10141 user=-1: installPackageLI
02-27 02:34:19.161   534   565 E libprocessgroup: No such cgroup attribute: /sys/fs/cgroup/uid_4294877437/cgroup.freeze
02-27 02:34:19.161   534   588 I PackageManager: Update package com.kotfind.android_course code path from /data/app/~~jQZOJYa5ZzQQkAHApzt89g==/com.kotfind.android_course-EEpRrsX0cxguybO_1clq4w== to /data/app/~~JISuwwwfo9lR1Ere5Dm9yw==/com.kotfind.android_course-YWU2er3JRh1XR_dbUxPUZQ==; Retain data and using new
02-27 02:34:19.161   534   565 W libprocessgroup: Failed to apply Frozen process profile: No such file or directory
02-27 02:34:19.162   534   565 I ActivityManager: Killing 2973:com.kotfind.android_course/u0a141 (adj 0): stop com.kotfind.android_course due to installPackageLI
02-27 02:34:19.163   534   588 I PermissionManager: Permission ownership changed. Updating all permissions.
02-27 02:34:19.163   534   588 W PermissionManager: Package com.android.adservices.api is an APK in APEX, but has permission allowlist on the system image. Please bundle the allowlist in the com.android.adservices APEX instead.
02-27 02:34:19.172   534   565 W ActivityTaskManager: Force removing ActivityRecord{310a23c u0 com.kotfind.android_course/.MainActivity t15 f}}: app died, no saved state
02-27 02:34:19.172   822   858 V WindowManagerShell: Transition requested: android.os.BinderProxy@a4ddd63 TransitionRequestInfo { type = CLOSE, triggerTask = TaskInfo{userId=0 taskId=15 displayId=0 isRunning=false baseIntent=Intent { flg=0x10000000 cmp=com.kotfind.android_course/.MainActivity } baseActivity=null topActivity=null origActivity=null realActivity=ComponentInfo{com.kotfind.android_course/com.kotfind.android_course.MainActivity} numActivities=0 lastActiveTime=6349370 supportsMultiWindow=true resizeMode=1 isResizeable=true minWidth=-1 minHeight=-1 defaultMinSize=220 token=WCT{android.window.IWindowContainerToken$Stub$Proxy@a2d9d60} topActivityType=1 pictureInPictureParams=null shouldDockBigOverlays=false launchIntoPipHostTaskId=-1 lastParentTaskIdBeforePip=-1 displayCutoutSafeInsets=null topActivityInfo=null launchCookies=[] positionInParent=Point(0, 0) parentTaskId=-1 isFocused=true isVisible=true isVisibleRequested=true isSleeping=false topActivityInSizeCompat=false topActivityEligibleForLetterboxEducation= false topActivityLetterboxed= false isFromDoubleTap= false topActivityLetterboxVerticalPosition= -1 topActivityLetterboxHorizontalPosition= -1 topActivityLetterboxWidth=-1 topActivityLetterboxHeight=-1 locusId=null displayAreaFeatureId=1 cameraCompatControlState=hidden}, remoteTransition = null, displayChange = null }
02-27 02:34:19.174   534  1349 I ImeTracker: com.kotfind.android_course:5c6b6825: onRequestHide at ORIGIN_SERVER_HIDE_INPUT reason HIDE_REMOVE_CLIENT
02-27 02:34:19.175   534  1349 I ImeTracker: com.kotfind.android_course:5c6b6825: onCancelled at PHASE_SERVER_SHOULD_HIDE
02-27 02:34:19.175   350   350 I Zygote  : Process 2973 exited due to signal 9 (Killed)
02-27 02:34:19.181   534   588 W PermissionManager: Package com.android.providers.media.module is an APK in APEX, but has permission allowlist on the system image. Please bundle the allowlist in the com.android.mediaprovider APEX instead.
02-27 02:34:19.181   534   588 W PermissionManager: Package com.android.providers.media.module is an APK in APEX, but has permission allowlist on the system image. Please bundle the allowlist in the com.android.mediaprovider APEX instead.
02-27 02:34:19.181   534   588 W PermissionManager: Package com.android.providers.media.module is an APK in APEX, but has permission allowlist on the system image. Please bundle the allowlist in the com.android.mediaprovider APEX instead.
02-27 02:34:19.181   534   588 W PermissionManager: Package com.android.providers.media.module is an APK in APEX, but has permission allowlist on the system image. Please bundle the allowlist in the com.android.mediaprovider APEX instead.
02-27 02:34:19.181   534   588 W PermissionManager: Package com.android.providers.media.module is an APK in APEX, but has permission allowlist on the system image. Please bundle the allowlist in the com.android.mediaprovider APEX instead.
02-27 02:34:19.181   534   588 W PermissionManager: Package com.android.providers.media.module is an APK in APEX, but has permission allowlist on the system image. Please bundle the allowlist in the com.android.mediaprovider APEX instead.
02-27 02:34:19.182   534   588 W PermissionManager: Package com.android.providers.media.module is an APK in APEX, but has permission allowlist on the system image. Please bundle the allowlist in the com.android.mediaprovider APEX instead.
02-27 02:34:19.182   534   588 W PermissionManager: Package com.android.providers.media.module is an APK in APEX, but has permission allowlist on the system image. Please bundle the allowlist in the com.android.mediaprovider APEX instead.
02-27 02:34:19.182   534   588 W PermissionManager: Package com.android.providers.media.module is an APK in APEX, but has permission allowlist on the system image. Please bundle the allowlist in the com.android.mediaprovider APEX instead.
02-27 02:34:19.182   534   588 W PermissionManager: Package com.android.providers.media.module is an APK in APEX, but has permission allowlist on the system image. Please bundle the allowlist in the com.android.mediaprovider APEX instead.
02-27 02:34:19.182   534   588 W PermissionManager: Package com.android.providers.media.module is an APK in APEX, but has permission allowlist on the system image. Please bundle the allowlist in the com.android.mediaprovider APEX instead.
02-27 02:34:19.182   534   588 W PermissionManager: Package com.android.providers.media.module is an APK in APEX, but has permission allowlist on the system image. Please bundle the allowlist in the com.android.mediaprovider APEX instead.
02-27 02:34:19.182   534   588 W PermissionManager: Package com.android.providers.media.module is an APK in APEX, but has permission allowlist on the system image. Please bundle the allowlist in the com.android.mediaprovider APEX instead.
02-27 02:34:19.213   534   588 D PackageManager: Instant App installer not found with android.intent.action.INSTALL_INSTANT_APP_PACKAGE
02-27 02:34:19.213   534   588 D PackageManager: Clear ephemeral installer activity
02-27 02:34:19.215   534   554 D DisplayManagerService: Drop pending events for gone uid 10141
02-27 02:34:19.222   534  2250 I WindowManager: WIN DEATH: Window{b4b00f3 u0 com.kotfind.android_course/com.kotfind.android_course.MainActivity}
02-27 02:34:19.222   534  2250 W InputManager-JNI: Input channel object 'b4b00f3 com.kotfind.android_course/com.kotfind.android_course.MainActivity (client)' was disposed without first being removed with the input manager!
02-27 02:34:19.224   822   858 W Looper  : Slow dispatch took 51ms wmshell.main h=android.os.Handler c=com.android.wm.shell.transition.Transitions$TransitionPlayerImpl$$ExternalSyntheticLambda1@39f7219 m=0
02-27 02:34:19.224   822   858 W Looper  : Slow delivery took 50ms wmshell.main h=android.os.Handler c=com.android.wm.shell.pip.PinnedStackListenerForwarder$PinnedTaskListenerImpl$$ExternalSyntheticLambda1@7fd62de m=0
02-27 02:34:19.224   822   858 W Looper  : Drained
02-27 02:34:19.225   534   565 E libprocessgroup: No such cgroup attribute: /sys/fs/cgroup/uid_4294877437/cgroup.freeze
02-27 02:34:19.225   534   565 W libprocessgroup: Failed to apply Unfrozen process profile: No such file or directory
02-27 02:34:19.225   534   547 V ActivityManager: Got obituary of 2973:com.kotfind.android_course
02-27 02:34:19.226  1031  1031 I TopLevelSettings: Set default menu key
02-27 02:34:19.226  1031  1031 D TopLevelHighlightMixin: Menu key: top_level_network
02-27 02:34:19.228  1031  1031 D BatteryBroadcastRcvr: updateBatteryStatus: action=android.intent.action.BATTERY_CHANGED
02-27 02:34:19.228  1031  1031 D BatteryBroadcastRcvr: Battery changed: level: 100%| status: Charged| chargingStatus: 0| health: 2
02-27 02:34:19.228  1031  1031 D TopLvBatteryPrefControl: onBatteryChanged: type=0
02-27 02:34:19.229   534  1349 W CpuPowerCalculator: UID 10141 CPU freq # mismatch: Power Profile # 1 actual # 4
02-27 02:34:19.229   534  1349 W CpuPowerCalculator: UID 10140 CPU freq # mismatch: Power Profile # 1 actual # 4
02-27 02:34:19.229   534  1349 W CpuPowerCalculator: UID 10135 CPU freq # mismatch: Power Profile # 1 actual # 4
02-27 02:34:19.229   534  1349 W CpuPowerCalculator: UID 10133 CPU freq # mismatch: Power Profile # 1 actual # 4
02-27 02:34:19.230   534  1349 W CpuPowerCalculator: UID 10132 CPU freq # mismatch: Power Profile # 1 actual # 4
02-27 02:34:19.230   534  1349 W CpuPowerCalculator: UID 10131 CPU freq # mismatch: Power Profile # 1 actual # 4
02-27 02:34:19.230   534  1349 W CpuPowerCalculator: UID 10125 CPU freq # mismatch: Power Profile # 1 actual # 4
02-27 02:34:19.230   534  1349 W CpuPowerCalculator: UID 10121 CPU freq # mismatch: Power Profile # 1 actual # 4
02-27 02:34:19.230   534  1349 W CpuPowerCalculator: UID 10118 CPU freq # mismatch: Power Profile # 1 actual # 4
02-27 02:34:19.230   534  1349 W CpuPowerCalculator: UID 10117 CPU freq # mismatch: Power Profile # 1 actual # 4
02-27 02:34:19.230   534  1349 W CpuPowerCalculator: UID 10113 CPU freq # mismatch: Power Profile # 1 actual # 4
02-27 02:34:19.230   534  1349 W CpuPowerCalculator: UID 10111 CPU freq # mismatch: Power Profile # 1 actual # 4
02-27 02:34:19.230   534  1349 W CpuPowerCalculator: UID 10110 CPU freq # mismatch: Power Profile # 1 actual # 4
02-27 02:34:19.230   534  1349 W CpuPowerCalculator: UID 10109 CPU freq # mismatch: Power Profile # 1 actual # 4
02-27 02:34:19.230   534  1349 W CpuPowerCalculator: UID 10108 CPU freq # mismatch: Power Profile # 1 actual # 4
02-27 02:34:19.230   534  1349 W CpuPowerCalculator: UID 10107 CPU freq # mismatch: Power Profile # 1 actual # 4
02-27 02:34:19.230  1031  1031 W ElapsedTimeUtils: getElapsedTime: sSuwFinishedTimeStamp is null
02-27 02:34:19.231   534  1349 W CpuPowerCalculator: UID 10105 CPU freq # mismatch: Power Profile # 1 actual # 4
02-27 02:34:19.231  1031  1031 D TopLvBatteryPrefControl: getDashboardLabel: null batteryStatusUpdate=true
02-27 02:34:19.233   534  1349 W CpuPowerCalculator: UID 10102 CPU freq # mismatch: Power Profile # 1 actual # 4
02-27 02:34:19.233   534  1349 W CpuPowerCalculator: UID 10101 CPU freq # mismatch: Power Profile # 1 actual # 4
02-27 02:34:19.233   534  1349 W CpuPowerCalculator: UID 10095 CPU freq # mismatch: Power Profile # 1 actual # 4
02-27 02:34:19.233   534  1349 W CpuPowerCalculator: UID 10094 CPU freq # mismatch: Power Profile # 1 actual # 4
02-27 02:34:19.233   534  1349 W CpuPowerCalculator: UID 10093 CPU freq # mismatch: Power Profile # 1 actual # 4
02-27 02:34:19.233   534  1349 W CpuPowerCalculator: UID 10092 CPU freq # mismatch: Power Profile # 1 actual # 4
02-27 02:34:19.233   534  1349 W CpuPowerCalculator: UID 10083 CPU freq # mismatch: Power Profile # 1 actual # 4
02-27 02:34:19.233   534  1349 W CpuPowerCalculator: UID 10078 CPU freq # mismatch: Power Profile # 1 actual # 4
02-27 02:34:19.233   534  1349 W CpuPowerCalculator: UID 10073 CPU freq # mismatch: Power Profile # 1 actual # 4
02-27 02:34:19.233   534  1349 W CpuPowerCalculator: UID 10070 CPU freq # mismatch: Power Profile # 1 actual # 4
02-27 02:34:19.233   534  1349 W CpuPowerCalculator: UID 10069 CPU freq # mismatch: Power Profile # 1 actual # 4
02-27 02:34:19.233   534  1349 W CpuPowerCalculator: UID 10066 CPU freq # mismatch: Power Profile # 1 actual # 4
02-27 02:34:19.235   534  1349 W CpuPowerCalculator: UID 10065 CPU freq # mismatch: Power Profile # 1 actual # 4
02-27 02:34:19.235   534  1349 W CpuPowerCalculator: UID 10064 CPU freq # mismatch: Power Profile # 1 actual # 4
02-27 02:34:19.235   534  1349 W CpuPowerCalculator: UID 10062 CPU freq # mismatch: Power Profile # 1 actual # 4
02-27 02:34:19.235   534  1349 W CpuPowerCalculator: UID 10061 CPU freq # mismatch: Power Profile # 1 actual # 4
02-27 02:34:19.235   534  1349 W CpuPowerCalculator: UID 10058 CPU freq # mismatch: Power Profile # 1 actual # 4
02-27 02:34:19.235   534  1349 W CpuPowerCalculator: UID 10057 CPU freq # mismatch: Power Profile # 1 actual # 4
02-27 02:34:19.235   534  1349 W CpuPowerCalculator: UID 9999 CPU freq # mismatch: Power Profile # 1 actual # 4
02-27 02:34:19.235   534  1349 W CpuPowerCalculator: UID 2000 CPU freq # mismatch: Power Profile # 1 actual # 4
02-27 02:34:19.235   534  1349 W CpuPowerCalculator: UID 1092 CPU freq # mismatch: Power Profile # 1 actual # 4
02-27 02:34:19.235   534  1349 W CpuPowerCalculator: UID 1086 CPU freq # mismatch: Power Profile # 1 actual # 4
02-27 02:34:19.235   534  1349 W CpuPowerCalculator: UID 1082 CPU freq # mismatch: Power Profile # 1 actual # 4
02-27 02:34:19.235   534  1349 W CpuPowerCalculator: UID 1076 CPU freq # mismatch: Power Profile # 1 actual # 4
02-27 02:34:19.235   534  1349 W CpuPowerCalculator: UID 1073 CPU freq # mismatch: Power Profile # 1 actual # 4
02-27 02:34:19.235   534  1349 W CpuPowerCalculator: UID 1072 CPU freq # mismatch: Power Profile # 1 actual # 4
02-27 02:34:19.235   534  1349 W CpuPowerCalculator: UID 1069 CPU freq # mismatch: Power Profile # 1 actual # 4
02-27 02:34:19.235   534  1349 W CpuPowerCalculator: UID 1068 CPU freq # mismatch: Power Profile # 1 actual # 4
02-27 02:34:19.235   534  1349 W CpuPowerCalculator: UID 1066 CPU freq # mismatch: Power Profile # 1 actual # 4
02-27 02:34:19.235   534  1349 W CpuPowerCalculator: UID 1053 CPU freq # mismatch: Power Profile # 1 actual # 4
02-27 02:34:19.235   534  1349 W CpuPowerCalculator: UID 1047 CPU freq # mismatch: Power Profile # 1 actual # 4
02-27 02:34:19.235   534  1349 W CpuPowerCalculator: UID 1046 CPU freq # mismatch: Power Profile # 1 actual # 4
02-27 02:34:19.235   534  1349 W CpuPowerCalculator: UID 1041 CPU freq # mismatch: Power Profile # 1 actual # 4
02-27 02:34:19.235   534  1349 W CpuPowerCalculator: UID 1040 CPU freq # mismatch: Power Profile # 1 actual # 4
02-27 02:34:19.235   534  1349 W CpuPowerCalculator: UID 1036 CPU freq # mismatch: Power Profile # 1 actual # 4
02-27 02:34:19.235   534  1349 W CpuPowerCalculator: UID 1027 CPU freq # mismatch: Power Profile # 1 actual # 4
02-27 02:34:19.235   534  1349 W CpuPowerCalculator: UID 1021 CPU freq # mismatch: Power Profile # 1 actual # 4
02-27 02:34:19.235   534  1349 W CpuPowerCalculator: UID 1020 CPU freq # mismatch: Power Profile # 1 actual # 4
02-27 02:34:19.235   534  1349 W CpuPowerCalculator: UID 1017 CPU freq # mismatch: Power Profile # 1 actual # 4
02-27 02:34:19.236   534  1349 W CpuPowerCalculator: UID 1013 CPU freq # mismatch: Power Profile # 1 actual # 4
02-27 02:34:19.236   534  1349 W CpuPowerCalculator: UID 1010 CPU freq # mismatch: Power Profile # 1 actual # 4
02-27 02:34:19.236   534  1349 W CpuPowerCalculator: UID 1002 CPU freq # mismatch: Power Profile # 1 actual # 4
02-27 02:34:19.236   534  1349 W CpuPowerCalculator: UID 1001 CPU freq # mismatch: Power Profile # 1 actual # 4
02-27 02:34:19.236   534  1349 W CpuPowerCalculator: UID 1000 CPU freq # mismatch: Power Profile # 1 actual # 4
02-27 02:34:19.236   534  1349 W CpuPowerCalculator: UID 0 CPU freq # mismatch: Power Profile # 1 actual # 4
02-27 02:34:19.237   415   415 I BpBinder: onLastStrongRef automatically unlinking death recipients: 
02-27 02:34:19.243   534   556 V WindowManager: Unknown focus tokens, dropping reportFocusChanged
02-27 02:34:19.338     0     0 I servicemanager: Since 'artd' could not be found, trying to start it as a lazy AIDL service. (if it's not configured to be a lazy service, it may be stuck starting or still starting).
02-27 02:34:19.266   534   557 W WindowManager: Failed to deliver inset control state change to w=Window{b4b00f3 u0 com.kotfind.android_course/com.kotfind.android_course.MainActivity EXITING}
02-27 02:34:19.266   534   557 W WindowManager: android.os.DeadObjectException
02-27 02:34:19.266   534   557 W WindowManager: 	at android.os.BinderProxy.transactNative(Native Method)
02-27 02:34:19.266   534   557 W WindowManager: 	at android.os.BinderProxy.transact(BinderProxy.java:584)
02-27 02:34:19.266   534   557 W WindowManager: 	at android.view.IWindow$Stub$Proxy.insetsControlChanged(IWindow.java:479)
02-27 02:34:19.266   534   557 W WindowManager: 	at com.android.server.wm.WindowState.notifyInsetsControlChanged(WindowState.java:3802)
02-27 02:34:19.266   534   557 W WindowManager: 	at com.android.server.wm.InsetsStateController.lambda$notifyPendingInsetsControlChanged$3(InsetsStateController.java:343)
02-27 02:34:19.266   534   557 W WindowManager: 	at com.android.server.wm.InsetsStateController.$r8$lambda$8yykPRG1GyNq_J17QvL9d5xANMc(InsetsStateController.java:0)
02-27 02:34:19.266   534   557 W WindowManager: 	at com.android.server.wm.InsetsStateController$$ExternalSyntheticLambda2.run(R8$$SyntheticClass:0)
02-27 02:34:19.266   534   557 W WindowManager: 	at com.android.server.wm.WindowAnimator.executeAfterPrepareSurfacesRunnables(WindowAnimator.java:294)
02-27 02:34:19.266   534   557 W WindowManager: 	at com.android.server.wm.WindowAnimator.animate(WindowAnimator.java:202)
02-27 02:34:19.266   534   557 W WindowManager: 	at com.android.server.wm.WindowAnimator.lambda$new$1(WindowAnimator.java:99)
02-27 02:34:19.266   534   557 W WindowManager: 	at com.android.server.wm.WindowAnimator.$r8$lambda$aHNu1uhcqxihX5NZc4McDDQPAyw(WindowAnimator.java:0)
02-27 02:34:19.266   534   557 W WindowManager: 	at com.android.server.wm.WindowAnimator$$ExternalSyntheticLambda1.doFrame(R8$$SyntheticClass:0)
02-27 02:34:19.266   534   557 W WindowManager: 	at android.view.Choreographer$CallbackRecord.run(Choreographer.java:1337)
02-27 02:34:19.266   534   557 W WindowManager: 	at android.view.Choreographer$CallbackRecord.run(Choreographer.java:1348)
02-27 02:34:19.266   534   557 W WindowManager: 	at android.view.Choreographer.doCallbacks(Choreographer.java:952)
02-27 02:34:19.266   534   557 W WindowManager: 	at android.view.Choreographer.doFrame(Choreographer.java:878)
02-27 02:34:19.266   534   557 W WindowManager: 	at android.view.Choreographer$FrameDisplayEventReceiver.run(Choreographer.java:1322)
02-27 02:34:19.266   534   557 W WindowManager: 	at android.os.Handler.handleCallback(Handler.java:958)
02-27 02:34:19.266   534   557 W WindowManager: 	at android.os.Handler.dispatchMessage(Handler.java:99)
02-27 02:34:19.266   534   557 W WindowManager: 	at android.os.Looper.loopOnce(Looper.java:205)
02-27 02:34:19.266   534   557 W WindowManager: 	at android.os.Looper.loop(Looper.java:294)
02-27 02:34:19.266   534   557 W WindowManager: 	at android.os.HandlerThread.run(HandlerThread.java:67)
02-27 02:34:19.266   534   557 W WindowManager: 	at com.android.server.ServiceThread.run(ServiceThread.java:46)
02-27 02:34:19.299  1031  2991 D BatteryInfo: time for getStats: 0ms
02-27 02:34:19.394     0     0 I init    : starting service 'artd'...
02-27 02:34:19.308  1031  2991 D BatteryInfo: time for regular BatteryInfo: 9ms
02-27 02:34:19.311  1031  2991 D BatteryInfo: time for getBatteryInfo: 0ms
02-27 02:34:19.312  1031  1069 W OpenGLRenderer: Failed to initialize 101010-2 format, error = EGL_SUCCESS
02-27 02:34:19.412     0     0 I init    : ... started service 'artd' has pid 3025
02-27 02:34:19.413     0     0 I init    : Control message: Processed ctl.interface_start for 'aidl/artd' from pid: 156 (/system/bin/servicemanager)
02-27 02:34:19.342  3025  3025 I artd    : Starting artd
02-27 02:34:19.343  3025  3025 I AidlLazyServiceRegistrar: Registering service artd
02-27 02:34:19.432     0     0 I BpBinder: onLastStrongRef automatically unlinking death recipients:
02-27 02:34:19.347  3025  3025 I AidlLazyServiceRegistrar: Process has 1 (of 1 available) client(s) in use after notification artd has clients: 1
02-27 02:34:19.434     0     0 I servicemanager: Notifying artd they do (previously: don't) have clients when service is guaranteed to be in use
02-27 02:34:19.352   534   588 I ActivityManager: Force stopping com.kotfind.android_course appid=10141 user=0: pkg removed
02-27 02:34:19.353   534   588 I WindowManager:   Force removing ActivityRecord{310a23c u0 com.kotfind.android_course/.MainActivity t15 f} isExiting}
02-27 02:34:19.353   534   588 W WindowManager: removeAppToken: Attempted to remove non-existing token: Token{36ec4b ActivityRecord{310a23c u0 com.kotfind.android_course/.MainActivity t15 f} isExiting}}
02-27 02:34:19.365   534   760 E AppOps  : attributionTag VCN not declared in manifest of android
02-27 02:34:19.372   534   631 I InputReader: Reconfiguring input devices, changes=KEYBOARD_LAYOUTS
02-27 02:34:19.374  1002  1002 V MediaPlayerList: mPackageChangedBroadcastReceiver: action: android.intent.action.PACKAGE_REMOVED
02-27 02:34:19.375   534   534 I Telecom : CarModeTracker: Package com.kotfind.android_course is not tracked.: SSH.oR@AKY🔒
02-27 02:34:19.375   534   534 I Telecom : InCallController: updateCarModeForConnections: car mode apps: : SSH.oR@AKY🔒
02-27 02:34:19.375   534   534 I Telecom : InCallController: update carmode current:UserHandle{0} parent:null: SSH.oR@AKY🔒
02-27 02:34:19.380  1002  1002 V MediaPlayerList: mPackageChangedBroadcastReceiver: action: android.intent.action.PACKAGE_REMOVED
02-27 02:34:19.393   822   893 D StylusManager: Stylus InputDevice changed: 13 virtio_input_multi_touch_10
02-27 02:34:19.393   822   893 D StylusManager: Stylus InputDevice changed: 12 virtio_input_multi_touch_9
02-27 02:34:19.394   822   893 D StylusManager: Stylus InputDevice changed: 8 virtio_input_multi_touch_5
02-27 02:34:19.394   534   588 D CompatibilityChangeReporter: Compat change id reported: 168419799; UID 10141; state: DISABLED
02-27 02:34:19.394   822   893 D StylusManager: Stylus InputDevice changed: 7 virtio_input_multi_touch_4
02-27 02:34:19.395   534   588 D CompatibilityChangeReporter: Compat change id reported: 273564678; UID 10141; state: DISABLED
02-27 02:34:19.394   822   893 D StylusManager: Stylus InputDevice changed: 5 virtio_input_multi_touch_2
02-27 02:34:19.403   822   893 D StylusManager: Stylus InputDevice changed: 6 virtio_input_multi_touch_3
02-27 02:34:19.406  1026  1026 D CarrierSvcBindHelper: onPackageUpdateFinished: com.kotfind.android_course
02-27 02:34:19.407  1026  1026 D CarrierSvcBindHelper: No carrier app for: 0
02-27 02:34:19.407  1026  1026 D CarrierSvcBindHelper: onPackageModified: com.kotfind.android_course
02-27 02:34:19.407  1026  1026 D CarrierSvcBindHelper: No carrier app for: 0
02-27 02:34:19.418  1002  1002 V MediaPlayerList: mPackageChangedBroadcastReceiver: action: android.intent.action.PACKAGE_ADDED
02-27 02:34:19.419  1002  1002 V MediaPlayerList: mPackageChangedBroadcastReceiver: action: android.intent.action.PACKAGE_ADDED
02-27 02:34:19.435   822   893 D StylusManager: Stylus InputDevice changed: 4 virtio_input_multi_touch_1
02-27 02:34:19.445   534   565 D ActivityManager: sync unfroze 823 com.android.permissioncontroller for 3
02-27 02:34:19.447  1026  1306 D ImsResolver: maybeAddedImsService, packageName: com.kotfind.android_course
02-27 02:34:19.447   534   588 D PackageInstallerSession: Marking session 2082041384 as applied
02-27 02:34:19.448   823   823 I SafetyLabelChangedBroadcastReceiver: received broadcast packageName: com.kotfind.android_course, current user: UserHandle{0}, packageChangeEvent: UPDATE, intent user: UserHandle{0}
02-27 02:34:19.463   534   795 I SdkSandboxManager: No SDKs used. Skipping SDK data reconcilation for CallingInfo{mUid=10141, mPackageName='com.kotfind.android_course, mAppProcessToken='null'}
02-27 02:34:19.467   534   642 W PackageConfigPersister: App-specific configuration not found for packageName: com.kotfind.android_course and userId: 0
02-27 02:34:19.467   534   534 D CompatibilityChangeReporter: Compat change id reported: 218533173; UID 10141; state: ENABLED
02-27 02:34:19.467   534   631 I InputReader: Reconfiguring input devices, changes=KEYBOARD_LAYOUTS
02-27 02:34:19.470   534   534 D CompatibilityChangeReporter: Compat change id reported: 171306433; UID 10141; state: ENABLED
02-27 02:34:19.470   534   534 W AlarmManager: Package com.kotfind.android_course, uid 10141 lost permission to set exact alarms!
02-27 02:34:19.471   534   760 E AppOps  : attributionTag VCN not declared in manifest of android
02-27 02:34:19.472   534   534 V BackupManagerConstants: getFullBackupIntervalMilliseconds(...) returns 86400000
02-27 02:34:19.472   534   534 V BackupManagerConstants: getFullBackupRequiredNetworkType(...) returns 2
02-27 02:34:19.472   534   534 V BackupManagerConstants: getFullBackupRequireCharging(...) returns true
02-27 02:34:19.475   822   893 D StylusManager: Stylus InputDevice changed: 10 virtio_input_multi_touch_7
02-27 02:34:19.476   822   893 D StylusManager: Stylus InputDevice changed: 9 virtio_input_multi_touch_6
02-27 02:34:19.476   823  3030 I PermissionControllerServiceImpl: Updating user sensitive for uid 10141
02-27 02:34:19.500   534   564 W WindowMagnificationMgr: requestConnection duplicated request: connect=false, mConnectionState=DISCONNECTED
02-27 02:34:19.500   822   893 D StylusManager: Stylus InputDevice changed: 11 virtio_input_multi_touch_8
02-27 02:34:19.502   534   795 I SdkSandboxManager: No SDKs used. Skipping SDK data reconcilation for CallingInfo{mUid=10141, mPackageName='com.kotfind.android_course, mAppProcessToken='null'}
02-27 02:34:19.502   534   631 I InputReader: Reconfiguring input devices, changes=KEYBOARD_LAYOUTS
02-27 02:34:19.507   534   760 E AppOps  : attributionTag VCN not declared in manifest of android
02-27 02:34:19.512   822   893 D StylusManager: Stylus InputDevice changed: 14 virtio_input_multi_touch_11
02-27 02:34:19.521   822   893 D StylusManager: Stylus InputDevice changed: 13 virtio_input_multi_touch_10
02-27 02:34:19.527   822   893 D StylusManager: Stylus InputDevice changed: 12 virtio_input_multi_touch_9
02-27 02:34:19.535   822   893 D StylusManager: Stylus InputDevice changed: 8 virtio_input_multi_touch_5
02-27 02:34:19.539   534   564 W WindowMagnificationMgr: requestConnection duplicated request: connect=false, mConnectionState=DISCONNECTED
02-27 02:34:19.540   822   893 D StylusManager: Stylus InputDevice changed: 7 virtio_input_multi_touch_4
02-27 02:34:19.553   822   893 D StylusManager: Stylus InputDevice changed: 5 virtio_input_multi_touch_2
02-27 02:34:19.555   822   893 D StylusManager: Stylus InputDevice changed: 6 virtio_input_multi_touch_3
02-27 02:34:19.576   822   893 D StylusManager: Stylus InputDevice changed: 4 virtio_input_multi_touch_1
02-27 02:34:19.578  1078  1087 I droid.launcher3: Background concurrent copying GC freed 5991(303KB) AllocSpace objects, 0(0B) LOS objects, 49% free, 5044KB/10089KB, paused 23us,11us total 223.546ms
02-27 02:34:19.580   822   893 D StylusManager: Stylus InputDevice changed: 10 virtio_input_multi_touch_7
02-27 02:34:19.583   534   564 W VoiceInteractionManager: no available voice recognition services found for user 0
02-27 02:34:19.585   822   893 D StylusManager: Stylus InputDevice changed: 9 virtio_input_multi_touch_6
02-27 02:34:19.586   822   893 D StylusManager: Stylus InputDevice changed: 11 virtio_input_multi_touch_8
02-27 02:34:19.587   822   893 D StylusManager: Stylus InputDevice changed: 14 virtio_input_multi_touch_11
02-27 02:34:19.615   534   543 I system_server: Background concurrent copying GC freed 243421(11MB) AllocSpace objects, 20(400KB) LOS objects, 49% free, 17MB/35MB, paused 90us,50us total 259.117ms
02-27 02:34:19.677   822   833 I ndroid.systemui: Background concurrent copying GC freed 210748(10MB) AllocSpace objects, 44(880KB) LOS objects, 49% free, 13MB/26MB, paused 69us,30us total 320.478ms
02-27 02:34:19.884  1493  1493 W MediaProvider: WorkProfileOwnerApps cache is empty
02-27 02:34:19.908   822   822 D ControlsListingControllerImpl: ServiceConfig reloaded, count: 0
02-27 02:34:19.909   822   822 D ControlsListingControllerImpl: ServiceConfig reloaded, count: 0
02-27 02:34:19.914   822   822 D ControlsListingControllerImpl: ServiceConfig reloaded, count: 0
02-27 02:34:19.925  1031  1031 D BatteryBroadcastRcvr: updateBatteryStatus: action=android.intent.action.BATTERY_CHANGED
02-27 02:34:19.925  1031  1031 D BatteryBroadcastRcvr: Battery changed: level: 100%| status: Charged| chargingStatus: 0| health: 2
02-27 02:34:19.929   534  2761 W ProcessStats: Tracking association SourceState{cac8a27 com.android.settings/1000 BTop #1098} whose proc state 2 is better than process ProcessState{1e382b4 com.android.permissioncontroller/10131 pkg=com.android.permissioncontroller} proc state 5 (2 skipped)
02-27 02:34:19.931   822   858 V WindowManagerShell: onTransitionReady android.os.BinderProxy@a4ddd63: {id=23 t=CLOSE f=0x0 trk=0 r=[0@Point(0, 0)] c=[{WCT{android.window.IWindowContainerToken$Stub$Proxy@f65c631} m=CLOSE f=NONE leash=Surface(name=Task=15)/@0x4420a4a sb=Rect(0, 0 - 320, 640) eb=Rect(0, 0 - 320, 640) d=0},{WCT{android.window.IWindowContainerToken$Stub$Proxy@b9e8116} m=TO_FRONT f=NONE leash=Surface(name=Task=9)/@0xe7d1dbb sb=Rect(0, 0 - 320, 640) eb=Rect(0, 0 - 320, 640) d=0}]}
02-27 02:34:19.931   822   858 V WindowManagerShell: Playing animation for (#23)android.os.BinderProxy@a4ddd63@0
02-27 02:34:19.931   822   858 V WindowManagerShell:  try handler com.android.wm.shell.transition.DefaultMixedHandler@bd2a2fb
02-27 02:34:19.931   822   858 V WindowManagerShell:  try handler com.android.wm.shell.keyguard.KeyguardTransitionHandler@f7a0f18
02-27 02:34:19.931   822   858 V WindowManagerShell:  try handler com.android.wm.shell.activityembedding.ActivityEmbeddingController@c21ed71
02-27 02:34:19.931   822   858 V WindowManagerShell:  try handler com.android.wm.shell.recents.RecentsTransitionHandler@730b756
02-27 02:34:19.931   822   858 V ShellRecents: RecentsTransitionHandler.startAnimation: no controller found
02-27 02:34:19.931   822   858 V WindowManagerShell:  try handler com.android.wm.shell.pip.PipTransition@a1e73d7
02-27 02:34:19.931   822   858 V WindowManagerShell:  try handler com.android.wm.shell.splitscreen.StageCoordinator@58d04c4
02-27 02:34:19.931   822   858 V WindowManagerShell:  try handler com.android.wm.shell.transition.RemoteTransitionHandler@816efad
02-27 02:34:19.931   822   858 V WindowManagerShell: Transition doesn't have explicit remote, search filters for match for {id=23 t=CLOSE f=0x0 trk=0 r=[0@Point(0, 0)] c=[{WCT{android.window.IWindowContainerToken$Stub$Proxy@f65c631} m=CLOSE f=NONE leash=Surface(name=Task=15)/@0x4420a4a sb=Rect(0, 0 - 320, 640) eb=Rect(0, 0 - 320, 640) d=0},{WCT{android.window.IWindowContainerToken$Stub$Proxy@b9e8116} m=TO_FRONT f=NONE leash=Surface(name=Task=9)/@0xe7d1dbb sb=Rect(0, 0 - 320, 640) eb=Rect(0, 0 - 320, 640) d=0}]}
02-27 02:34:19.932   822   858 V WindowManagerShell:  Checking filter Pair{{types=[] flags=0x0] notFlags=0x100 checks=[{atype=home independent=true modes=[OPEN,TO_FRONT] flags=NONE mustBeTask=false order=TOP topActivity=ComponentInfo{com.android.launcher3/com.android.launcher3.uioverrides.QuickstepLauncher}},{atype=standard independent=true modes=[CLOSE,TO_BACK] flags=NONE mustBeTask=false order=ANY topActivity=null}]} RemoteTransition { remoteTransition = android.window.IRemoteTransition$Stub$Proxy@de638c5, appThread = android.app.IApplicationThread$Stub$Proxy@db0621a, debugName = QuickstepLaunchHome }}
02-27 02:34:19.932   822   858 V WindowManagerShell:  Delegate animation for #23 to null
02-27 02:34:19.932   822   858 V WindowManagerShell:  try handler com.android.wm.shell.transition.DefaultTransitionHandler@eb7a930
02-27 02:34:19.932   822   858 V WindowManagerShell: start default transition animation, info = {id=23 t=CLOSE f=0x0 trk=0 r=[0@Point(0, 0)] c=[{WCT{android.window.IWindowContainerToken$Stub$Proxy@f65c631} m=CLOSE f=NONE leash=Surface(name=Task=15)/@0x4420a4a sb=Rect(0, 0 - 320, 640) eb=Rect(0, 0 - 320, 640) d=0},{WCT{android.window.IWindowContainerToken$Stub$Proxy@b9e8116} m=TO_FRONT f=NONE leash=Surface(name=Task=9)/@0xe7d1dbb sb=Rect(0, 0 - 320, 640) eb=Rect(0, 0 - 320, 640) d=0}]}
02-27 02:34:19.932   822   858 V WindowManagerShell: loadAnimation: anim=android.view.animation.AnimationSet@ad5da97 animAttr=0xa type=CLOSE isEntrance=true
02-27 02:34:19.932   822   858 V WindowManagerShell: loadAnimation: anim=android.view.animation.AnimationSet@d724484 animAttr=0xb type=CLOSE isEntrance=false
02-27 02:34:19.933   822   858 V WindowManagerShell:  animated by com.android.wm.shell.transition.DefaultTransitionHandler@eb7a930
02-27 02:34:19.933   534   553 V WindowManager: Sent Transition #23 createdAt=02-27 02:34:19.172 via request=TransitionRequestInfo { type = CLOSE, triggerTask = TaskInfo{userId=0 taskId=15 displayId=0 isRunning=false baseIntent=Intent { flg=0x10000000 cmp=com.kotfind.android_course/.MainActivity } baseActivity=null topActivity=null origActivity=null realActivity=ComponentInfo{com.kotfind.android_course/com.kotfind.android_course.MainActivity} numActivities=0 lastActiveTime=6349370 supportsMultiWindow=true resizeMode=1 isResizeable=true minWidth=-1 minHeight=-1 defaultMinSize=220 token=WCT{RemoteToken{f3af0ed Task{93eb91a #15 type=standard A=10141:com.kotfind.android_course}}} topActivityType=1 pictureInPictureParams=null shouldDockBigOverlays=false launchIntoPipHostTaskId=-1 lastParentTaskIdBeforePip=-1 displayCutoutSafeInsets=null topActivityInfo=null launchCookies=[] positionInParent=Point(0, 0) parentTaskId=-1 isFocused=true isVisible=true isVisibleRequested=true isSleeping=false topActivityInSizeCompat=false topActivityEligibleForLetterboxEducation= false topActivityLetterboxed= false isFromDoubleTap= false topActivityLetterboxVerticalPosition= -1 topActivityLetterboxHorizontalPosition= -1 topActivityLetterboxWidth=-1 topActivityLetterboxHeight=-1 locusId=null displayAreaFeatureId=1 cameraCompatControlState=hidden}, remoteTransition = null, displayChange = null }
02-27 02:34:19.933   534   553 V WindowManager:     startWCT=WindowContainerTransaction { changes = {} hops = [] errorCallbackToken=null taskFragmentOrganizer=null }
02-27 02:34:19.933   534   553 V WindowManager:     info={id=23 t=CLOSE f=0x0 trk=0 r=[0@Point(0, 0)] c=[{WCT{RemoteToken{f3af0ed Task{93eb91a #15 type=standard A=10141:com.kotfind.android_course}}} m=CLOSE f=NONE leash=Surface(name=Task=15)/@0xae0e958 sb=Rect(0, 0 - 320, 640) eb=Rect(0, 0 - 320, 640) d=0},{WCT{RemoteToken{d959042 Task{d72b68c #9 type=standard A=1000:com.android.settings.root}}} m=TO_FRONT f=NONE leash=Surface(name=Task=9)/@0xc74b24 sb=Rect(0, 0 - 320, 640) eb=Rect(0, 0 - 320, 640) d=0}]}
02-27 02:34:19.947   534   555 I DropBoxManagerService: add tag=system_app_strictmode isTagEnabled=true flags=0x2
02-27 02:34:19.948  1031  1031 I Choreographer: Skipped 41 frames!  The application may be doing too much work on its main thread.
02-27 02:34:19.949   534  2761 D CompatibilityChangeReporter: Compat change id reported: 161252188; UID 10141; state: DISABLED
02-27 02:34:19.951   534  2761 W ActivityTaskManager: callingPackage for (uid=2000, pid=3036) has no WPC
02-27 02:34:19.952   534  2761 D CompatibilityChangeReporter: Compat change id reported: 265464455; UID 10141; state: DISABLED
02-27 02:34:19.952   534  2761 D CompatibilityChangeReporter: Compat change id reported: 265452344; UID 10141; state: DISABLED
02-27 02:34:19.952   534  2761 D CompatibilityChangeReporter: Compat change id reported: 266124927; UID 10141; state: DISABLED
02-27 02:34:19.952   534  2761 D CompatibilityChangeReporter: Compat change id reported: 265451093; UID 10141; state: DISABLED
02-27 02:34:19.952   534  2761 D CompatibilityChangeReporter: Compat change id reported: 265456536; UID 10141; state: DISABLED
02-27 02:34:19.952   534  2761 D CompatibilityChangeReporter: Compat change id reported: 255940284; UID 10141; state: DISABLED
02-27 02:34:19.952   534  2761 D CompatibilityChangeReporter: Compat change id reported: 236283604; UID 10141; state: DISABLED
02-27 02:34:19.953   534  2761 D CompatibilityChangeReporter: Compat change id reported: 263959004; UID 10141; state: DISABLED
02-27 02:34:19.953   534  2761 D CompatibilityChangeReporter: Compat change id reported: 264304459; UID 10141; state: DISABLED
02-27 02:34:19.953   534  2761 D CompatibilityChangeReporter: Compat change id reported: 264301586; UID 10141; state: DISABLED
02-27 02:34:19.953   534  2761 D CompatibilityChangeReporter: Compat change id reported: 254631730; UID 10141; state: DISABLED
02-27 02:34:19.953   534  2761 D CompatibilityChangeReporter: Compat change id reported: 273509367; UID 10141; state: DISABLED
02-27 02:34:19.953   534  2761 D CompatibilityChangeReporter: Compat change id reported: 263259275; UID 10141; state: DISABLED
02-27 02:34:19.953   534  2761 D CompatibilityChangeReporter: Compat change id reported: 174042980; UID 10141; state: DISABLED
02-27 02:34:19.953   534  2761 D CompatibilityChangeReporter: Compat change id reported: 174042936; UID 10141; state: DISABLED
02-27 02:34:19.954   534  2761 D CompatibilityChangeReporter: Compat change id reported: 181136395; UID 10141; state: DISABLED
02-27 02:34:19.955  1031  1031 D TopLvBatteryPrefControl: getBatteryInfo: com.android.settings.fuelgauge.BatteryInfo@338a324
02-27 02:34:19.956   534  2761 D CompatibilityChangeReporter: Compat change id reported: 194480991; UID 10141; state: ENABLED
02-27 02:34:19.957  1031  1031 D TopLvBatteryPrefControl: getDashboardLabel: null batteryStatusUpdate=true
02-27 02:34:19.957  1031  1031 D BatteryInfo: time for callback: 2ms
02-27 02:34:19.959   534  2761 D CompatibilityChangeReporter: Compat change id reported: 184838306; UID 10141; state: DISABLED
02-27 02:34:19.960   534  2761 D CompatibilityChangeReporter: Compat change id reported: 185004937; UID 10141; state: DISABLED
02-27 02:34:19.962   534  2761 D CompatibilityChangeReporter: Compat change id reported: 197654537; UID 10141; state: ENABLED
02-27 02:34:19.963   534  2761 V SplashScreenExceptionList: SplashScreen checking exception for package com.kotfind.android_course (target sdk:34) -> false
02-27 02:34:19.963   534  2761 D CompatibilityChangeReporter: Compat change id reported: 205907456; UID 10141; state: ENABLED
02-27 02:34:19.964   534  2761 I ActivityTaskManager: Add Task{93eb91a #15 type=standard A=10141:com.kotfind.android_course} to hidden list because adding Task{d43abe3 #16 type=standard A=10141:com.kotfind.android_course}
02-27 02:34:19.965   822   858 V WindowManagerShell: Transition requested: android.os.BinderProxy@4a05361 TransitionRequestInfo { type = OPEN, triggerTask = TaskInfo{userId=0 taskId=16 displayId=0 isRunning=true baseIntent=Intent { flg=0x10000000 cmp=com.kotfind.android_course/.MainActivity } baseActivity=ComponentInfo{com.kotfind.android_course/com.kotfind.android_course.MainActivity} topActivity=ComponentInfo{com.kotfind.android_course/com.kotfind.android_course.MainActivity} origActivity=null realActivity=ComponentInfo{com.kotfind.android_course/com.kotfind.android_course.MainActivity} numActivities=1 lastActiveTime=6381966 supportsMultiWindow=true resizeMode=1 isResizeable=true minWidth=-1 minHeight=-1 defaultMinSize=220 token=WCT{android.window.IWindowContainerToken$Stub$Proxy@fb13e86} topActivityType=1 pictureInPictureParams=null shouldDockBigOverlays=false launchIntoPipHostTaskId=-1 lastParentTaskIdBeforePip=-1 displayCutoutSafeInsets=null topActivityInfo=ActivityInfo{128a347 com.kotfind.android_course.MainActivity} launchCookies=[] positionInParent=Point(0, 0) parentTaskId=-1 isFocused=false isVisible=false isVisibleRequested=false isSleeping=false topActivityInSizeCompat=false topActivityEligibleForLetterboxEducation= false topActivityLetterboxed= false isFromDoubleTap= false topActivityLetterboxVerticalPosition= -1 topActivityLetterboxHorizontalPosition= -1 topActivityLetterboxWidth=-1 topActivityLetterboxHeight=-1 locusId=null displayAreaFeatureId=1 cameraCompatControlState=hidden}, remoteTransition = null, displayChange = null }
02-27 02:34:19.965   534  2761 I ActivityTaskManager: START u0 {flg=0x10000000 cmp=com.kotfind.android_course/.MainActivity} with LAUNCH_MULTIPLE from uid 2000 (BAL_ALLOW_PERMISSION) result code=0
02-27 02:34:19.967   534   556 D CompatibilityChangeReporter: Compat change id reported: 135634846; UID 10141; state: DISABLED
02-27 02:34:19.967   534   566 D CompatibilityChangeReporter: Compat change id reported: 143937733; UID 10141; state: ENABLED
02-27 02:34:19.969   822   889 D SplashScreenView: Build android.window.SplashScreenView{adc49d V.E...... ......ID 0,0-0,0}
02-27 02:34:19.969   822   889 D SplashScreenView: Icon: view: null drawable: null size: 0
02-27 02:34:19.969   822   889 D SplashScreenView: Branding: view: android.view.View{a52bd12 G.ED..... ......I. 0,0-0,0 #10204ef android:id/splashscreen_branding_view} drawable: null size w: 0 h: 0
02-27 02:34:19.972   350   350 D Zygote  : Forked child process 3039
02-27 02:34:19.976   534   566 I ActivityManager: Start proc 3039:com.kotfind.android_course/u0a141 for next-top-activity {com.kotfind.android_course/com.kotfind.android_course.MainActivity}
02-27 02:34:19.984   534  3022 I ImeTracker: com.android.settings:539b3bdd: onRequestHide at ORIGIN_SERVER_HIDE_INPUT reason HIDE_UNSPECIFIED_WINDOW
02-27 02:34:19.984   534  3022 I ImeTracker: com.android.settings:539b3bdd: onCancelled at PHASE_SERVER_SHOULD_HIDE
02-27 02:34:19.985  1031  2663 I OpenGLRenderer: Davey! duration=702ms; Flags=0, FrameTimelineVsyncId=28596, IntendedVsync=6381255561538, Vsync=6381938894844, InputEventId=0, HandleInputStart=6381950408334, AnimationStart=6381950408962, PerformTraversalsStart=6381950486541, DrawStart=6381950576439, FrameDeadline=6381955561510, FrameInterval=6381949604460, FrameStartTime=16666666, SyncQueued=6381952393756, SyncStart=6381952458346, IssueDrawCommandsStart=6381952679607, SwapBuffers=6381954587293, FrameCompleted=6381958194909, DequeueBufferDuration=5015, QueueBufferDuration=884654, GpuCompleted=6381958123425, SwapBuffersCompleted=6381958194909, DisplayPresentTime=0, CommandSubmissionCompleted=6381954587293, 
02-27 02:34:19.996   534   809 W WindowManager: Failed to deliver inset control state change to w=Window{b4b00f3 u0 com.kotfind.android_course/com.kotfind.android_course.MainActivity EXITING}
02-27 02:34:19.996   534   809 W WindowManager: android.os.DeadObjectException
02-27 02:34:19.996   534   809 W WindowManager: 	at android.os.BinderProxy.transactNative(Native Method)
02-27 02:34:19.996   534   809 W WindowManager: 	at android.os.BinderProxy.transact(BinderProxy.java:584)
02-27 02:34:19.996   534   809 W WindowManager: 	at android.view.IWindow$Stub$Proxy.insetsControlChanged(IWindow.java:479)
02-27 02:34:19.996   534   809 W WindowManager: 	at com.android.server.wm.WindowState.notifyInsetsControlChanged(WindowState.java:3802)
02-27 02:34:19.996   534   809 W WindowManager: 	at com.android.server.wm.InsetsStateController.lambda$notifyPendingInsetsControlChanged$3(InsetsStateController.java:343)
02-27 02:34:19.996   534   809 W WindowManager: 	at com.android.server.wm.InsetsStateController.$r8$lambda$8yykPRG1GyNq_J17QvL9d5xANMc(InsetsStateController.java:0)
02-27 02:34:19.996   534   809 W WindowManager: 	at com.android.server.wm.InsetsStateController$$ExternalSyntheticLambda2.run(R8$$SyntheticClass:0)
02-27 02:34:19.996   534   809 W WindowManager: 	at com.android.server.wm.WindowAnimator.executeAfterPrepareSurfacesRunnables(WindowAnimator.java:294)
02-27 02:34:19.996   534   809 W WindowManager: 	at com.android.server.wm.RootWindowContainer.performSurfacePlacementNoTrace(RootWindowContainer.java:811)
02-27 02:34:19.996   534   809 W WindowManager: 	at com.android.server.wm.RootWindowContainer.performSurfacePlacement(RootWindowContainer.java:756)
02-27 02:34:19.996   534   809 W WindowManager: 	at com.android.server.wm.WindowSurfacePlacer.performSurfacePlacementLoop(WindowSurfacePlacer.java:177)
02-27 02:34:19.996   534   809 W WindowManager: 	at com.android.server.wm.WindowSurfacePlacer.performSurfacePlacement(WindowSurfacePlacer.java:126)
02-27 02:34:19.996   534   809 W WindowManager: 	at com.android.server.wm.WindowManagerService.relayoutWindow(WindowManagerService.java:2410)
02-27 02:34:19.996   534   809 W WindowManager: 	at com.android.server.wm.Session.relayout(Session.java:249)
02-27 02:34:19.996   534   809 W WindowManager: 	at android.view.IWindowSession$Stub.onTransact(IWindowSession.java:701)
02-27 02:34:19.996   534   809 W WindowManager: 	at com.android.server.wm.Session.onTransact(Session.java:178)
02-27 02:34:19.996   534   809 W WindowManager: 	at android.os.Binder.execTransactInternal(Binder.java:1344)
02-27 02:34:19.996   534   809 W WindowManager: 	at android.os.Binder.execTransact(Binder.java:1275)
02-27 02:34:19.997   534  3022 D CoreBackPreview: Window{a143b37 u0 Splash Screen com.kotfind.android_course}: Setting back callback OnBackInvokedCallbackInfo{mCallback=android.window.IOnBackInvokedCallback$Stub$Proxy@2c97e2a, mPriority=0, mIsAnimationCallback=false}
02-27 02:34:20.026  3039  3039 I .android_course: Late-enabling -Xcheck:jni
02-27 02:34:20.036  1031  1031 W ElapsedTimeUtils: getElapsedTime: sSuwFinishedTimeStamp is null
02-27 02:34:20.062  3039  3039 I .android_course: Using CollectorTypeCC GC.
02-27 02:34:20.063  3039  3039 W .android_course: Unexpected CPU variant for x86: x86_64.
02-27 02:34:20.063  3039  3039 W .android_course: Known variants: atom, sandybridge, silvermont, goldmont, goldmont-plus, tremont, kabylake, default
02-27 02:34:20.068   425   435 I adbd    : jdwp connection from 3039
02-27 02:34:20.134   534   553 V WindowManager: Sent Transition #24 createdAt=02-27 02:34:19.956 via request=TransitionRequestInfo { type = OPEN, triggerTask = TaskInfo{userId=0 taskId=16 displayId=0 isRunning=true baseIntent=Intent { flg=0x10000000 cmp=com.kotfind.android_course/.MainActivity } baseActivity=ComponentInfo{com.kotfind.android_course/com.kotfind.android_course.MainActivity} topActivity=ComponentInfo{com.kotfind.android_course/com.kotfind.android_course.MainActivity} origActivity=null realActivity=ComponentInfo{com.kotfind.android_course/com.kotfind.android_course.MainActivity} numActivities=1 lastActiveTime=6381966 supportsMultiWindow=true resizeMode=1 isResizeable=true minWidth=-1 minHeight=-1 defaultMinSize=220 token=WCT{RemoteToken{15fbb4d Task{d43abe3 #16 type=standard A=10141:com.kotfind.android_course}}} topActivityType=1 pictureInPictureParams=null shouldDockBigOverlays=false launchIntoPipHostTaskId=-1 lastParentTaskIdBeforePip=-1 displayCutoutSafeInsets=null topActivityInfo=ActivityInfo{b626602 com.kotfind.android_course.MainActivity} launchCookies=[] positionInParent=Point(0, 0) parentTaskId=-1 isFocused=false isVisible=false isVisibleRequested=false isSleeping=false topActivityInSizeCompat=false topActivityEligibleForLetterboxEducation= false topActivityLetterboxed= false isFromDoubleTap= false topActivityLetterboxVerticalPosition= -1 topActivityLetterboxHorizontalPosition= -1 topActivityLetterboxWidth=-1 topActivityLetterboxHeight=-1 locusId=null displayAreaFeatureId=1 cameraCompatControlState=hidden}, remoteTransition = null, displayChange = null }
02-27 02:34:20.134   534   553 V WindowManager:     startWCT=WindowContainerTransaction { changes = {} hops = [] errorCallbackToken=null taskFragmentOrganizer=null }
02-27 02:34:20.135   534   553 V WindowManager:     info={id=24 t=OPEN f=0x0 trk=0 r=[0@Point(0, 0)] c=[{WCT{RemoteToken{15fbb4d Task{d43abe3 #16 type=standard A=10141:com.kotfind.android_course}}} m=OPEN f=NONE leash=Surface(name=Task=16)/@0xed72e77 sb=Rect(0, 0 - 320, 640) eb=Rect(0, 0 - 320, 640) d=0},{WCT{RemoteToken{d959042 Task{d72b68c #9 type=standard A=1000:com.android.settings.root}}} m=TO_BACK f=NONE leash=Surface(name=Task=9)/@0xc74b24 sb=Rect(0, 0 - 320, 640) eb=Rect(0, 0 - 320, 640) d=0}]}
02-27 02:34:20.136  3039  3039 D CompatibilityChangeReporter: Compat change id reported: 171979766; UID 10141; state: ENABLED
02-27 02:34:20.137  3039  3039 D CompatibilityChangeReporter: Compat change id reported: 242716250; UID 10141; state: ENABLED
02-27 02:34:20.153   822   858 V WindowManagerShell: onTransitionReady android.os.BinderProxy@4a05361: {id=24 t=OPEN f=0x0 trk=0 r=[0@Point(0, 0)] c=[{WCT{android.window.IWindowContainerToken$Stub$Proxy@313d6d1} m=OPEN f=NONE leash=Surface(name=Task=16)/@0xb04dc6a sb=Rect(0, 0 - 320, 640) eb=Rect(0, 0 - 320, 640) d=0},{WCT{android.window.IWindowContainerToken$Stub$Proxy@18c5536} m=TO_BACK f=NONE leash=Surface(name=Task=9)/@0x36555b sb=Rect(0, 0 - 320, 640) eb=Rect(0, 0 - 320, 640) d=0}]}
02-27 02:34:20.153   822   858 V WindowManagerShell: Transition (#24)android.os.BinderProxy@4a05361@0 ready while (#23)android.os.BinderProxy@a4ddd63@0 is still animating. Notify the animating transition in case they can be merged
02-27 02:34:20.154   534   557 W WindowManager: Failed to deliver inset control state change to w=Window{b4b00f3 u0 com.kotfind.android_course/com.kotfind.android_course.MainActivity EXITING}
02-27 02:34:20.154   534   557 W WindowManager: android.os.DeadObjectException
02-27 02:34:20.154   534   557 W WindowManager: 	at android.os.BinderProxy.transactNative(Native Method)
02-27 02:34:20.154   534   557 W WindowManager: 	at android.os.BinderProxy.transact(BinderProxy.java:584)
02-27 02:34:20.154   534   557 W WindowManager: 	at android.view.IWindow$Stub$Proxy.insetsControlChanged(IWindow.java:479)
02-27 02:34:20.154   534   557 W WindowManager: 	at com.android.server.wm.WindowState.notifyInsetsControlChanged(WindowState.java:3802)
02-27 02:34:20.154   534   557 W WindowManager: 	at com.android.server.wm.InsetsStateController.lambda$notifyPendingInsetsControlChanged$3(InsetsStateController.java:343)
02-27 02:34:20.154   534   557 W WindowManager: 	at com.android.server.wm.InsetsStateController.$r8$lambda$8yykPRG1GyNq_J17QvL9d5xANMc(InsetsStateController.java:0)
02-27 02:34:20.154   534   557 W WindowManager: 	at com.android.server.wm.InsetsStateController$$ExternalSyntheticLambda2.run(R8$$SyntheticClass:0)
02-27 02:34:20.154   534   557 W WindowManager: 	at com.android.server.wm.WindowAnimator.executeAfterPrepareSurfacesRunnables(WindowAnimator.java:294)
02-27 02:34:20.154   534   557 W WindowManager: 	at com.android.server.wm.RootWindowContainer.performSurfacePlacementNoTrace(RootWindowContainer.java:811)
02-27 02:34:20.154   534   557 W WindowManager: 	at com.android.server.wm.RootWindowContainer.performSurfacePlacement(RootWindowContainer.java:756)
02-27 02:34:20.154   534   557 W WindowManager: 	at com.android.server.wm.WindowSurfacePlacer.performSurfacePlacementLoop(WindowSurfacePlacer.java:177)
02-27 02:34:20.154   534   557 W WindowManager: 	at com.android.server.wm.WindowSurfacePlacer.performSurfacePlacement(WindowSurfacePlacer.java:126)
02-27 02:34:20.154   534   557 W WindowManager: 	at com.android.server.wm.WindowSurfacePlacer.performSurfacePlacement(WindowSurfacePlacer.java:115)
02-27 02:34:20.154   534   557 W WindowManager: 	at com.android.server.wm.WindowSurfacePlacer$Traverser.run(WindowSurfacePlacer.java:57)
02-27 02:34:20.154   534   557 W WindowManager: 	at android.os.Handler.handleCallback(Handler.java:958)
02-27 02:34:20.154   534   557 W WindowManager: 	at android.os.Handler.dispatchMessage(Handler.java:99)
02-27 02:34:20.154   534   557 W WindowManager: 	at android.os.Looper.loopOnce(Looper.java:205)
02-27 02:34:20.154   534   557 W WindowManager: 	at android.os.Looper.loop(Looper.java:294)
02-27 02:34:20.154   534   557 W WindowManager: 	at android.os.HandlerThread.run(HandlerThread.java:67)
02-27 02:34:20.154   534   557 W WindowManager: 	at com.android.server.ServiceThread.run(ServiceThread.java:46)
02-27 02:34:20.169   822   858 V WindowManagerShell: Transition animation finished (aborted=false), notifying core (#23)android.os.BinderProxy@a4ddd63@0
02-27 02:34:20.170   534   553 V WindowManager: Finish Transition #23: created at 02-27 02:34:19.172 collect-started=0.051ms request-sent=0.111ms started=51.145ms ready=51.108ms sent=757.849ms finished=997.762ms
02-27 02:34:20.170   534  1641 W WindowManager: Exception thrown during dispatchAppVisibility Window{b4b00f3 u0 com.kotfind.android_course/com.kotfind.android_course.MainActivity EXITING}
02-27 02:34:20.170   534  1641 W WindowManager: android.os.DeadObjectException
02-27 02:34:20.170   534  1641 W WindowManager: 	at android.os.BinderProxy.transactNative(Native Method)
02-27 02:34:20.170   534  1641 W WindowManager: 	at android.os.BinderProxy.transact(BinderProxy.java:584)
02-27 02:34:20.170   534  1641 W WindowManager: 	at android.view.IWindow$Stub$Proxy.dispatchAppVisibility(IWindow.java:546)
02-27 02:34:20.170   534  1641 W WindowManager: 	at com.android.server.wm.WindowState.sendAppVisibilityToClients(WindowState.java:3271)
02-27 02:34:20.170   534  1641 W WindowManager: 	at com.android.server.wm.WindowContainer.sendAppVisibilityToClients(WindowContainer.java:1221)
02-27 02:34:20.170   534  1641 W WindowManager: 	at com.android.server.wm.WindowToken.setClientVisible(WindowToken.java:409)
02-27 02:34:20.170   534  1641 W WindowManager: 	at com.android.server.wm.ActivityRecord.setClientVisible(ActivityRecord.java:6946)
02-27 02:34:20.170   534  1641 W WindowManager: 	at com.android.server.wm.ActivityRecord.postApplyAnimation(ActivityRecord.java:5637)
02-27 02:34:20.170   534  1641 W WindowManager: 	at com.android.server.wm.ActivityRecord.commitVisibility(ActivityRecord.java:5580)
02-27 02:34:20.170   534  1641 W WindowManager: 	at com.android.server.wm.Transition.finishTransition(Transition.java:1151)
02-27 02:34:20.170   534  1641 W WindowManager: 	at com.android.server.wm.TransitionController.finishTransition(TransitionController.java:868)
02-27 02:34:20.170   534  1641 W WindowManager: 	at com.android.server.wm.WindowOrganizerController.finishTransition(WindowOrganizerController.java:396)
02-27 02:34:20.170   534  1641 W WindowManager: 	at android.window.IWindowOrganizerController$Stub.onTransact(IWindowOrganizerController.java:286)
02-27 02:34:20.170   534  1641 W WindowManager: 	at com.android.server.wm.WindowOrganizerController.onTransact(WindowOrganizerController.java:181)
02-27 02:34:20.170   534  1641 W WindowManager: 	at android.os.Binder.execTransactInternal(Binder.java:1344)
02-27 02:34:20.170   534  1641 W WindowManager: 	at android.os.Binder.execTransact(Binder.java:1275)
02-27 02:34:20.170   534  1641 I Process : Sending signal. PID: 2973 SIG: 9
02-27 02:34:20.173   534   809 D CompatibilityChangeReporter: Compat change id reported: 170503758; UID 10141; state: ENABLED
02-27 02:34:20.177  3039  3039 W ziparchive: Unable to open '/data/app/~~JISuwwwfo9lR1Ere5Dm9yw==/com.kotfind.android_course-YWU2er3JRh1XR_dbUxPUZQ==/base.dm': No such file or directory
02-27 02:34:20.177  3039  3039 W ziparchive: Unable to open '/data/app/~~JISuwwwfo9lR1Ere5Dm9yw==/com.kotfind.android_course-YWU2er3JRh1XR_dbUxPUZQ==/base.dm': No such file or directory
02-27 02:34:20.183   534  1641 W WindowManager: Failed to deliver inset control state change to w=Window{b4b00f3 u0 com.kotfind.android_course/com.kotfind.android_course.MainActivity EXITING}
02-27 02:34:20.183   534  1641 W WindowManager: android.os.DeadObjectException
02-27 02:34:20.183   534  1641 W WindowManager: 	at android.os.BinderProxy.transactNative(Native Method)
02-27 02:34:20.183   534  1641 W WindowManager: 	at android.os.BinderProxy.transact(BinderProxy.java:584)
02-27 02:34:20.183   534  1641 W WindowManager: 	at android.view.IWindow$Stub$Proxy.insetsControlChanged(IWindow.java:479)
02-27 02:34:20.183   534  1641 W WindowManager: 	at com.android.server.wm.WindowState.notifyInsetsControlChanged(WindowState.java:3802)
02-27 02:34:20.183   534  1641 W WindowManager: 	at com.android.server.wm.InsetsStateController.lambda$notifyPendingInsetsControlChanged$3(InsetsStateController.java:343)
02-27 02:34:20.183   534  1641 W WindowManager: 	at com.android.server.wm.InsetsStateController.$r8$lambda$8yykPRG1GyNq_J17QvL9d5xANMc(InsetsStateController.java:0)
02-27 02:34:20.183   534  1641 W WindowManager: 	at com.android.server.wm.InsetsStateController$$ExternalSyntheticLambda2.run(R8$$SyntheticClass:0)
02-27 02:34:20.183   534  1641 W WindowManager: 	at com.android.server.wm.WindowAnimator.executeAfterPrepareSurfacesRunnables(WindowAnimator.java:294)
02-27 02:34:20.183   534  1641 W WindowManager: 	at com.android.server.wm.RootWindowContainer.performSurfacePlacementNoTrace(RootWindowContainer.java:811)
02-27 02:34:20.183   534  1641 W WindowManager: 	at com.android.server.wm.RootWindowContainer.performSurfacePlacement(RootWindowContainer.java:756)
02-27 02:34:20.183   534  1641 W WindowManager: 	at com.android.server.wm.WindowSurfacePlacer.performSurfacePlacementLoop(WindowSurfacePlacer.java:177)
02-27 02:34:20.183   534  1641 W WindowManager: 	at com.android.server.wm.WindowSurfacePlacer.performSurfacePlacement(WindowSurfacePlacer.java:126)
02-27 02:34:20.183   534  1641 W WindowManager: 	at com.android.server.wm.WindowSurfacePlacer.performSurfacePlacement(WindowSurfacePlacer.java:115)
02-27 02:34:20.183   534  1641 W WindowManager: 	at com.android.server.wm.WindowState.setupWindowForRemoveOnExit(WindowState.java:2538)
02-27 02:34:20.183   534  1641 W WindowManager: 	at com.android.server.wm.WindowState.removeIfPossible(WindowState.java:2498)
02-27 02:34:20.183   534  1641 W WindowManager: 	at com.android.server.wm.WindowToken.removeAllWindowsIfPossible(WindowToken.java:249)
02-27 02:34:20.183   534  1641 W WindowManager: 	at com.android.server.wm.ActivityRecord.removeIfPossible(ActivityRecord.java:4259)
02-27 02:34:20.183   534  1641 W WindowManager: 	at com.android.server.wm.ActivityRecord.handleCompleteDeferredRemoval(ActivityRecord.java:4266)
02-27 02:34:20.183   534  1641 W WindowManager: 	at com.android.server.wm.WindowContainer.handleCompleteDeferredRemoval(WindowContainer.java:1396)
02-27 02:34:20.183   534  1641 W WindowManager: 	at com.android.server.wm.TaskFragment.handleCompleteDeferredRemoval(TaskFragment.java:2844)
02-27 02:34:20.183   534  1641 W WindowManager: 	at com.android.server.wm.WindowContainer.handleCompleteDeferredRemoval(WindowContainer.java:1396)
02-27 02:34:20.183   534  1641 W WindowManager: 	at com.android.server.wm.WindowContainer.handleCompleteDeferredRemoval(WindowContainer.java:1396)
02-27 02:34:20.183   534  1641 W WindowManager: 	at com.android.server.wm.WindowContainer.handleCompleteDeferredRemoval(WindowContainer.java:1396)
02-27 02:34:20.183   534  1641 W WindowManager: 	at com.android.server.wm.WindowContainer.handleCompleteDeferredRemoval(WindowContainer.java:1396)
02-27 02:34:20.183   534  1641 W WindowManager: 	at com.android.server.wm.WindowContainer.handleCompleteDeferredRemoval(WindowContainer.java:1396)
02-27 02:34:20.183   534  1641 W WindowManager: 	at com.android.server.wm.WindowContainer.handleCompleteDeferredRemoval(WindowContainer.java:1396)
02-27 02:34:20.183   534  1641 W WindowManager: 	at com.android.server.wm.DisplayContent.handleCompleteDeferredRemoval(DisplayContent.java:3382)
02-27 02:34:20.183   534  1641 W WindowManager: 	at com.android.server.wm.Transition.finishTransition(Transition.java:1322)
02-27 02:34:20.183   534  1641 W WindowManager: 	at com.android.server.wm.TransitionController.finishTransition(TransitionController.java:868)
02-27 02:34:20.183   534  1641 W WindowManager: 	at com.android.server.wm.WindowOrganizerController.finishTransition(WindowOrganizerController.java:396)
02-27 02:34:20.183   534  1641 W WindowManager: 	at android.window.IWindowOrganizerController$Stub.onTransact(IWindowOrganizerController.java:286)
02-27 02:34:20.183   534  1641 W WindowManager: 	at com.android.server.wm.WindowOrganizerController.onTransact(WindowOrganizerController.java:181)
02-27 02:34:20.183   534  1641 W WindowManager: 	at android.os.Binder.execTransactInternal(Binder.java:1344)
02-27 02:34:20.183   534  1641 W WindowManager: 	at android.os.Binder.execTransact(Binder.java:1275)
02-27 02:34:20.185   534   556 W ActivityManager: setHasOverlayUi called on unknown pid: 2973
02-27 02:34:20.196   822   858 V WindowManagerShell: Playing animation for (#24)android.os.BinderProxy@4a05361@0
02-27 02:34:20.196   822   858 V WindowManagerShell:  try handler com.android.wm.shell.transition.DefaultMixedHandler@bd2a2fb
02-27 02:34:20.196   822   858 V WindowManagerShell:  try handler com.android.wm.shell.keyguard.KeyguardTransitionHandler@f7a0f18
02-27 02:34:20.196   822   858 V WindowManagerShell:  try handler com.android.wm.shell.activityembedding.ActivityEmbeddingController@c21ed71
02-27 02:34:20.196   822   858 V WindowManagerShell:  try handler com.android.wm.shell.recents.RecentsTransitionHandler@730b756
02-27 02:34:20.197   822   858 V ShellRecents: RecentsTransitionHandler.startAnimation: no controller found
02-27 02:34:20.197   822   858 V WindowManagerShell:  try handler com.android.wm.shell.pip.PipTransition@a1e73d7
02-27 02:34:20.197   822   858 V WindowManagerShell:  try handler com.android.wm.shell.splitscreen.StageCoordinator@58d04c4
02-27 02:34:20.197   822   858 V WindowManagerShell:  try handler com.android.wm.shell.transition.RemoteTransitionHandler@816efad
02-27 02:34:20.197   822   858 V WindowManagerShell: Transition doesn't have explicit remote, search filters for match for {id=24 t=OPEN f=0x0 trk=0 r=[0@Point(0, 0)] c=[{WCT{android.window.IWindowContainerToken$Stub$Proxy@313d6d1} m=OPEN f=NONE leash=Surface(name=Task=16)/@0xb04dc6a sb=Rect(0, 0 - 320, 640) eb=Rect(0, 0 - 320, 640) d=0},{WCT{android.window.IWindowContainerToken$Stub$Proxy@18c5536} m=TO_BACK f=NONE leash=Surface(name=Task=9)/@0x36555b sb=Rect(0, 0 - 320, 640) eb=Rect(0, 0 - 320, 640) d=0}]}
02-27 02:34:20.200   822   858 V WindowManagerShell:  Checking filter Pair{{types=[] flags=0x0] notFlags=0x100 checks=[{atype=home independent=true modes=[OPEN,TO_FRONT] flags=NONE mustBeTask=false order=TOP topActivity=ComponentInfo{com.android.launcher3/com.android.launcher3.uioverrides.QuickstepLauncher}},{atype=standard independent=true modes=[CLOSE,TO_BACK] flags=NONE mustBeTask=false order=ANY topActivity=null}]} RemoteTransition { remoteTransition = android.window.IRemoteTransition$Stub$Proxy@de638c5, appThread = android.app.IApplicationThread$Stub$Proxy@db0621a, debugName = QuickstepLaunchHome }}
02-27 02:34:20.200   822   858 V WindowManagerShell:  Delegate animation for #24 to null
02-27 02:34:20.200   822   858 V WindowManagerShell:  try handler com.android.wm.shell.transition.DefaultTransitionHandler@eb7a930
02-27 02:34:20.200   822   858 V WindowManagerShell: start default transition animation, info = {id=24 t=OPEN f=0x0 trk=0 r=[0@Point(0, 0)] c=[{WCT{android.window.IWindowContainerToken$Stub$Proxy@313d6d1} m=OPEN f=NONE leash=Surface(name=Task=16)/@0xb04dc6a sb=Rect(0, 0 - 320, 640) eb=Rect(0, 0 - 320, 640) d=0},{WCT{android.window.IWindowContainerToken$Stub$Proxy@18c5536} m=TO_BACK f=NONE leash=Surface(name=Task=9)/@0x36555b sb=Rect(0, 0 - 320, 640) eb=Rect(0, 0 - 320, 640) d=0}]}
02-27 02:34:20.200   822   858 V WindowManagerShell: loadAnimation: anim=android.view.animation.AnimationSet@d0814d3 animAttr=0x9 type=OPEN isEntrance=false
02-27 02:34:20.201   822   858 V WindowManagerShell: loadAnimation: anim=android.view.animation.AnimationSet@c398f09 animAttr=0x8 type=OPEN isEntrance=true
02-27 02:34:20.201   822   895 D EGL_emulation: app_time_stats: avg=7324.87ms min=7324.87ms max=7324.87ms count=1
02-27 02:34:20.202   822   858 V WindowManagerShell:  animated by com.android.wm.shell.transition.DefaultTransitionHandler@eb7a930
02-27 02:34:20.202   822   858 W Looper  : Slow dispatch took 33ms wmshell.main h=android.os.Handler c=com.android.wm.shell.transition.DefaultTransitionHandler$$ExternalSyntheticLambda7@825e53c m=0
02-27 02:34:20.202   822   858 W Looper  : Slow delivery took 33ms wmshell.main h=android.os.Handler c=android.window.TaskOrganizer$1$$ExternalSyntheticLambda5@c6312c5 m=0
02-27 02:34:20.203   822   858 W Looper  : Drained
02-27 02:34:20.204   415   415 E BpTransactionCompletedListener: Failed to transact (-32)
02-27 02:34:20.383  3039  3039 D nativeloader: Configuring clns-6 for other apk /data/app/~~JISuwwwfo9lR1Ere5Dm9yw==/com.kotfind.android_course-YWU2er3JRh1XR_dbUxPUZQ==/base.apk. target_sdk_version=34, uses_libraries=, library_path=/data/app/~~JISuwwwfo9lR1Ere5Dm9yw==/com.kotfind.android_course-YWU2er3JRh1XR_dbUxPUZQ==/lib/x86_64:/data/app/~~JISuwwwfo9lR1Ere5Dm9yw==/com.kotfind.android_course-YWU2er3JRh1XR_dbUxPUZQ==/base.apk!/lib/x86_64, permitted_path=/data:/mnt/expand:/data/user/0/com.kotfind.android_course
02-27 02:34:20.396  3039  3039 V GraphicsEnvironment: Currently set values for:
02-27 02:34:20.396  3039  3039 V GraphicsEnvironment:   angle_gl_driver_selection_pkgs=[]
02-27 02:34:20.396  3039  3039 V GraphicsEnvironment:   angle_gl_driver_selection_values=[]
02-27 02:34:20.396  3039  3039 V GraphicsEnvironment: ANGLE GameManagerService for com.kotfind.android_course: false
02-27 02:34:20.396  3039  3039 V GraphicsEnvironment: com.kotfind.android_course is not listed in per-application setting
02-27 02:34:20.396  3039  3039 V GraphicsEnvironment: Neither updatable production driver nor prerelease driver is supported.
02-27 02:34:20.414   534  1641 I ActivityManager: Flag disabled. Ignoring finishAttachApplication from uid: 10141. pid: 3039
02-27 02:34:20.419  3039  3059 D libEGL  : loaded /vendor/lib64/egl/libEGL_emulation.so
02-27 02:34:20.428  3039  3059 D libEGL  : loaded /vendor/lib64/egl/libGLESv1_CM_emulation.so
02-27 02:34:20.433  3039  3059 D libEGL  : loaded /vendor/lib64/egl/libGLESv2_emulation.so
02-27 02:34:20.492  3039  3039 D CompatibilityChangeReporter: Compat change id reported: 237531167; UID 10141; state: DISABLED
02-27 02:34:20.493  3039  3039 W OpenGLRenderer: Unknown dataspace 0
02-27 02:34:20.722   822   858 V WindowManagerShell: Transition animation finished (aborted=false), notifying core (#24)android.os.BinderProxy@4a05361@0
02-27 02:34:20.729   822   858 V WindowManagerShell: Track 0 became idle
02-27 02:34:20.729   822   858 V WindowManagerShell: All active transition animations finished
02-27 02:34:20.730   534   553 V WindowManager: Finish Transition #24: created at 02-27 02:34:19.956 collect-started=0.042ms request-sent=8.528ms started=25.526ms ready=146.475ms sent=164.065ms finished=766.314ms
02-27 02:34:20.816   534  3022 D CoreBackPreview: Window{340cb9 u0 com.kotfind.android_course/com.kotfind.android_course.MainActivity}: Setting back callback OnBackInvokedCallbackInfo{mCallback=android.window.IOnBackInvokedCallback$Stub$Proxy@51e9d98, mPriority=0, mIsAnimationCallback=false}
02-27 02:34:20.866  3039  3057 W OpenGLRenderer: Failed to initialize 101010-2 format, error = EGL_SUCCESS
02-27 02:34:20.881   157   157 I hwservicemanager: getTransport: Cannot find entry android.hardware.graphics.mapper@4.0::IMapper/default in either framework or device VINTF manifest.
02-27 02:34:20.881  3039  3057 I Gralloc4: mapper 4.x is not supported
02-27 02:34:20.968     0     0 I servicemanager: Could not find android.hardware.graphics.allocator.IAllocator/default in the VINTF manifest.
02-27 02:34:21.385   534   553 W ziparchive: Unable to open '/data/app/~~JISuwwwfo9lR1Ere5Dm9yw==/com.kotfind.android_course-YWU2er3JRh1XR_dbUxPUZQ==/base.dm': No such file or directory
02-27 02:34:21.398   534   553 I ActivityTaskManager: Displayed com.kotfind.android_course/.MainActivity for user 0: +1s434ms
02-27 02:34:21.398  3039  3060 I OpenGLRenderer: Davey! duration=966ms; Flags=1, FrameTimelineVsyncId=29065, IntendedVsync=6382422228158, Vsync=6382488894822, InputEventId=0, HandleInputStart=6382502288030, AnimationStart=6382502290790, PerformTraversalsStart=6382502371219, DrawStart=6382912761651, FrameDeadline=6382438894824, FrameInterval=6382502247165, FrameStartTime=16666666, SyncQueued=6382918817403, SyncStart=6382919299895, IssueDrawCommandsStart=6382919687670, SwapBuffers=6383180581983, FrameCompleted=6383389084797, DequeueBufferDuration=3560, QueueBufferDuration=312468, GpuCompleted=6383389084797, SwapBuffersCompleted=6383382601279, DisplayPresentTime=0, CommandSubmissionCompleted=6383180581983, 
02-27 02:34:21.405  3039  3039 I Choreographer: Skipped 51 frames!  The application may be doing too much work on its main thread.
02-27 02:34:21.419   534  1641 D CompatibilityChangeReporter: Compat change id reported: 214016041; UID 10141; state: ENABLED
02-27 02:34:21.420   534  1641 I ImeTracker: com.kotfind.android_course:e8060b51: onRequestHide at ORIGIN_SERVER_HIDE_INPUT reason HIDE_UNSPECIFIED_WINDOW
02-27 02:34:21.420   534  1641 I ImeTracker: com.kotfind.android_course:e8060b51: onCancelled at PHASE_SERVER_SHOULD_HIDE
02-27 02:34:21.438   822   895 D EGL_emulation: app_time_stats: avg=118.20ms min=1.89ms max=1075.50ms count=10
02-27 02:34:21.747   822   888 W WindowOnBackDispatcher: sendCancelIfRunning: isInProgress=falsecallback=android.view.ViewRootImpl$$ExternalSyntheticLambda17@8270d99
02-27 02:34:21.748   534  1641 W InputManager-JNI: Input channel object 'a143b37 Splash Screen com.kotfind.android_course (client)' was disposed without first being removed with the input manager!
02-27 02:34:21.749   534  3022 D CoreBackPreview: Window{a143b37 u0 Splash Screen com.kotfind.android_course EXITING}: Setting back callback null
02-27 02:34:21.797   822   888 W FrameTracker: Missed App frame:UNKNOWN: 24, 29300, 0, CUJ=J<SPLASHSCREEN_EXIT_ANIM>
02-27 02:34:21.797   822   888 W FrameTracker: Missed SF frame:UNKNOWN: 24, 29300, 0, CUJ=J<SPLASHSCREEN_EXIT_ANIM>
02-27 02:34:21.797   822   888 W FrameTracker: Missing HWUI jank callback for vsyncId: 29300, CUJ=J<SPLASHSCREEN_EXIT_ANIM>
02-27 02:34:21.797   822   888 W FrameTracker: Missed SF frame:UNKNOWN: 80, 29308, 30777551, CUJ=J<SPLASHSCREEN_EXIT_ANIM>
02-27 02:34:21.797   822   888 W FrameTracker: Missed App frame:UNKNOWN: 88, 29330, 0, CUJ=J<SPLASHSCREEN_EXIT_ANIM>
02-27 02:34:21.797   822   888 W FrameTracker: Missed SF frame:UNKNOWN: 88, 29330, 0, CUJ=J<SPLASHSCREEN_EXIT_ANIM>
02-27 02:34:21.797   822   888 W FrameTracker: Missing HWUI jank callback for vsyncId: 29330, CUJ=J<SPLASHSCREEN_EXIT_ANIM>
02-27 02:34:21.797   822   888 W FrameTracker: Missed SF frame:UNKNOWN: 80, 29359, 0, CUJ=J<SPLASHSCREEN_EXIT_ANIM>
02-27 02:34:21.797   822   888 W FrameTracker: Missing HWUI jank callback for vsyncId: 29359, CUJ=J<SPLASHSCREEN_EXIT_ANIM>
02-27 02:34:21.797   822   888 W FrameTracker: Missed SF frame:UNKNOWN: 80, 29388, 46800428, CUJ=J<SPLASHSCREEN_EXIT_ANIM>
02-27 02:34:21.797   822   888 W FrameTracker: Missed SF frame:UNKNOWN: 80, 29410, 42389687, CUJ=J<SPLASHSCREEN_EXIT_ANIM>
02-27 02:34:21.797   822   888 W FrameTracker: Missed SF frame:UNKNOWN: 80, 29427, 46515428, CUJ=J<SPLASHSCREEN_EXIT_ANIM>
02-27 02:34:21.797   822   888 W FrameTracker: Missed App frame:UNKNOWN: 88, 29447, 51234433, CUJ=J<SPLASHSCREEN_EXIT_ANIM>
02-27 02:34:21.797   822   888 W FrameTracker: Missed SF frame:UNKNOWN: 88, 29447, 51234433, CUJ=J<SPLASHSCREEN_EXIT_ANIM>
02-27 02:34:21.797   822   888 W FrameTracker: Missing HWUI jank callback for vsyncId: 29462, CUJ=J<SPLASHSCREEN_EXIT_ANIM>
02-27 02:34:21.797   822   888 W FrameTracker: Missed App frame:UNKNOWN: 88, 29477, 51091101, CUJ=J<SPLASHSCREEN_EXIT_ANIM>
02-27 02:34:21.797   822   888 W FrameTracker: Missed SF frame:UNKNOWN: 88, 29477, 51091101, CUJ=J<SPLASHSCREEN_EXIT_ANIM>
02-27 02:34:21.797   822   888 W FrameTracker: Missed SF frame:UNKNOWN: 66, 29492, 0, CUJ=J<SPLASHSCREEN_EXIT_ANIM>
02-27 02:34:21.797   822   888 W FrameTracker: Missing HWUI jank callback for vsyncId: 29492, CUJ=J<SPLASHSCREEN_EXIT_ANIM>
02-27 02:34:21.797   822   888 W FrameTracker: Missed App frame:UNKNOWN: 88, 29507, 150936267, CUJ=J<SPLASHSCREEN_EXIT_ANIM>
02-27 02:34:21.797   822   888 W FrameTracker: Missed SF frame:UNKNOWN: 88, 29507, 150936267, CUJ=J<SPLASHSCREEN_EXIT_ANIM>
02-27 02:34:21.797   822   866 V PerfettoTrigger: Not triggering com.android.telemetry.interaction-jank-monitor-39 - not enough time since last trigger
02-27 02:34:22.864   822   822 D StatusBarIconController: ignoring old pipeline callbacks, because the new mobile icons are enabled
02-27 02:34:23.239   534  1804 E TaskPersister: File error accessing recents directory (directory doesn't exist?).
02-27 02:34:23.829  3025  3027 I AidlLazyServiceRegistrar: Process has 0 (of 1 available) client(s) in use after notification artd has clients: 0
02-27 02:34:23.829  3025  3027 I AidlLazyServiceRegistrar: Trying to shut down the service. No clients in use for any service in process.
02-27 02:34:23.907     0     0 I servicemanager: Notifying artd they don't (previously: do) have clients when we now have no record of a client
02-27 02:34:23.918     0     0 I servicemanager: Unregistering artd
02-27 02:34:23.921     0     0 I BpBinder: onLastStrongRef automatically unlinking death recipients:
02-27 02:34:23.837  3025  3027 I AidlLazyServiceRegistrar: Unregistered all clients and exiting
02-27 02:34:23.937     0     0 I init    : Service 'artd' (pid 3025) exited with status 0 oneshot service took 4.541000 seconds in background
02-27 02:34:23.944     0     0 I init    : Sending signal 9 to service 'artd' (pid 3025) process group...
02-27 02:34:23.948     0     0 I libprocessgroup: Successfully killed process cgroup uid 1082 pid 3025 in 0ms
02-27 02:34:25.548  3039  3067 D ProfileInstaller: Installing profile for com.kotfind.android_course
02-27 02:34:26.979   807   807 I wpa_supplicant: wlan0: CTRL-EVENT-BEACON-LOSS 
02-27 02:34:29.303     0     0 I logd    : logdr: UID=2000 GID=2000 PID=3068 b tail=0 logMask=99 pid=0 start=0ns deadline=0ns
02-27 02:34:32.854   822   822 D StatusBarIconController: ignoring old pipeline callbacks, because the new mobile icons are enabled
02-27 02:34:32.857   822   895 D EGL_emulation: app_time_stats: avg=1268.66ms min=13.38ms max=11258.65ms count=9
